2025-07-19 17:47:00 | DEBUG | repo=pv243-a4m36jee-2018-security-seminar | action=edit | files=2
2025-12-20 19:47:00 | WARN | repo=pv243-a4m36jee-2018-security-seminar | action=commit
2025-06-04 08:57:00 | DEBUG | repo=pv243-a4m36jee-2018-security-seminar | action=commit
2025-05-10 19:39:00 | WARN | repo=pv243-a4m36jee-2018-security-seminar | action=commit
2025-08-10 18:20:00 | INFO | repo=pv243-a4m36jee-2018-security-seminar | action=commit
2025-08-27 08:15:00 | DEBUG | repo=pv243-a4m36jee-2018-security-seminar | action=commit
2025-02-16 18:04:00 | DEBUG | repo=pv243-a4m36jee-2018-security-seminar | action=commit
2025-12-10 07:56:00 | DEBUG | repo=pv243-a4m36jee-2018-security-seminar | action=commit
2025-01-17 08:08:00 | WARN | repo=pv243-a4m36jee-2018-security-seminar | action=commit
2025-10-16 15:04:00 | WARN | repo=pv243-a4m36jee-2018-security-seminar | action=commit
2025-03-05 20:29:00 | DEBUG | repo=pv243-a4m36jee-2018-security-seminar | action=commit
2025-08-03 15:39:00 | INFO | repo=pv243-a4m36jee-2018-security-seminar | action=commit
2025-12-05 07:59:00 | DEBUG | repo=pv243-a4m36jee-2018-security-seminar | action=pull
2025-11-15 09:08:00 | DEBUG | repo=pv243-a4m36jee-2018-security-seminar | action=commit
2025-09-13 07:16:00 | DEBUG | repo=pv243-a4m36jee-2018-security-seminar | action=commit
2025-09-26 20:35:00 | WARN | repo=pv243-a4m36jee-2018-security-seminar | action=test | passed=true
2025-12-14 09:50:00 | DEBUG | repo=pv243-a4m36jee-2018-security-seminar | action=edit | files=3
2025-02-21 10:30:00 | INFO | repo=pv243-a4m36jee-2018-security-seminar | action=edit | files=5
2025-12-10 12:36:00 | INFO | repo=pv243-a4m36jee-2018-security-seminar | action=pull
2025-12-28 08:41:00 | DEBUG | repo=pv243-a4m36jee-2018-security-seminar | action=edit | files=5
2025-10-08 07:09:00 | INFO | repo=pv243-a4m36jee-2018-security-seminar | action=commit
2025-08-20 14:24:00 | DEBUG | repo=pv243-a4m36jee-2018-security-seminar | action=commit
2025-01-25 19:59:00 | DEBUG | repo=pv243-a4m36jee-2018-security-seminar | action=edit | files=1
2025-12-19 07:29:00 | WARN | repo=pv243-a4m36jee-2018-security-seminar | action=commit
2025-09-22 18:49:00 | WARN | repo=pv243-a4m36jee-2018-security-seminar | action=edit | files=5
2025-05-18 09:52:00 | WARN | repo=pv243-a4m36jee-2018-security-seminar | action=test | passed=true
2025-01-23 07:41:00 | INFO | repo=pv243-a4m36jee-2018-security-seminar | action=test | passed=true
2025-03-04 18:32:00 | INFO | repo=pv243-a4m36jee-2018-security-seminar | action=commit
2025-07-22 15:40:00 | DEBUG | repo=pv243-a4m36jee-2018-security-seminar | action=commit
2025-11-06 18:57:00 | INFO | repo=pv243-a4m36jee-2018-security-seminar | action=test | passed=true
2025-11-27 16:33:00 | INFO | repo=pv243-a4m36jee-2018-security-seminar | action=edit | files=5
2025-04-10 07:21:00 | DEBUG | repo=pv243-a4m36jee-2018-security-seminar | action=commit
2025-04-08 13:06:00 | WARN | repo=pv243-a4m36jee-2018-security-seminar | action=edit | files=1
2025-05-07 07:50:00 | INFO | repo=pv243-a4m36jee-2018-security-seminar | action=commit
2025-07-25 19:54:00 | DEBUG | repo=pv243-a4m36jee-2018-security-seminar | action=edit | files=2
2025-05-02 18:54:00 | WARN | repo=pv243-a4m36jee-2018-security-seminar | action=edit | files=2
2025-07-17 08:20:00 | DEBUG | repo=pv243-a4m36jee-2018-security-seminar | action=edit | files=4
2025-08-13 20:07:00 | WARN | repo=pv243-a4m36jee-2018-security-seminar | action=commit
2025-07-13 17:31:00 | WARN | repo=pv243-a4m36jee-2018-security-seminar | action=commit
2025-01-15 11:41:00 | WARN | repo=pv243-a4m36jee-2018-security-seminar | action=commit
2025-02-05 17:18:00 | WARN | repo=pv243-a4m36jee-2018-security-seminar | action=edit | files=2
2025-09-14 20:51:00 | INFO | repo=pv243-a4m36jee-2018-security-seminar | action=commit
2025-08-25 20:17:00 | WARN | repo=pv243-a4m36jee-2018-security-seminar | action=commit
2025-02-19 14:30:00 | WARN | repo=pv243-a4m36jee-2018-security-seminar | action=commit
2025-06-28 13:13:00 | DEBUG | repo=pv243-a4m36jee-2018-security-seminar | action=commit
2025-08-17 10:46:00 | WARN | repo=pv243-a4m36jee-2018-security-seminar | action=commit
2025-07-13 08:31:00 | WARN | repo=pv243-a4m36jee-2018-security-seminar | action=test | passed=true
2025-09-05 15:40:00 | WARN | repo=pv243-a4m36jee-2018-security-seminar | action=commit
2025-11-27 11:28:00 | DEBUG | repo=pv243-a4m36jee-2018-security-seminar | action=commit
2025-03-14 08:05:00 | DEBUG | repo=pv243-a4m36jee-2018-security-seminar | action=commit
2025-02-22 16:00:00 | WARN | repo=pv243-a4m36jee-2018-security-seminar | action=commit
2025-08-13 20:17:00 | INFO | repo=pv243-a4m36jee-2018-security-seminar | action=commit
2025-05-07 12:19:00 | DEBUG | repo=pv243-a4m36jee-2018-security-seminar | action=commit
2025-02-07 08:53:00 | INFO | repo=pv243-a4m36jee-2018-security-seminar | action=commit
2025-04-27 12:35:00 | DEBUG | repo=pv243-a4m36jee-2018-security-seminar | action=commit
2025-01-04 08:50:00 | WARN | repo=pv243-a4m36jee-2018-security-seminar | action=commit
2025-01-14 21:38:00 | WARN | repo=pv243-a4m36jee-2018-security-seminar | action=commit
2025-10-27 19:02:00 | WARN | repo=pv243-a4m36jee-2018-security-seminar | action=commit
2025-08-06 14:46:00 | WARN | repo=pv243-a4m36jee-2018-security-seminar | action=commit
2025-08-11 17:01:00 | WARN | repo=pv243-a4m36jee-2018-security-seminar | action=commit
2025-07-19 07:21:00 | DEBUG | repo=pv243-a4m36jee-2018-security-seminar | action=test | passed=true
2025-03-22 17:50:00 | WARN | repo=pv243-a4m36jee-2018-security-seminar | action=commit
2025-03-27 07:23:00 | DEBUG | repo=pv243-a4m36jee-2018-security-seminar | action=commit
2025-03-20 08:35:00 | INFO | repo=pv243-a4m36jee-2018-security-seminar | action=commit
2025-11-16 09:52:00 | WARN | repo=pv243-a4m36jee-2018-security-seminar | action=commit
2025-11-19 11:24:00 | INFO | repo=pv243-a4m36jee-2018-security-seminar | action=commit
2025-12-02 11:03:00 | INFO | repo=pv243-a4m36jee-2018-security-seminar | action=commit
2025-06-06 18:01:00 | INFO | repo=pv243-a4m36jee-2018-security-seminar | action=test | passed=true
2025-09-16 08:42:00 | DEBUG | repo=pv243-a4m36jee-2018-security-seminar | action=commit
2025-11-27 14:46:00 | DEBUG | repo=pv243-a4m36jee-2018-security-seminar | action=pull
2025-12-19 07:28:00 | WARN | repo=pv243-a4m36jee-2018-security-seminar | action=commit
2025-02-08 13:43:00 | INFO | repo=pv243-a4m36jee-2018-security-seminar | action=edit | files=1
2025-07-11 18:29:00 | WARN | repo=pv243-a4m36jee-2018-security-seminar | action=test | passed=true
2025-01-22 14:22:00 | WARN | repo=pv243-a4m36jee-2018-security-seminar | action=commit
2025-08-19 10:52:00 | WARN | repo=pv243-a4m36jee-2018-security-seminar | action=commit
2025-09-18 16:41:00 | INFO | repo=pv243-a4m36jee-2018-security-seminar | action=commit
2025-08-12 21:16:00 | DEBUG | repo=pv243-a4m36jee-2018-security-seminar | action=commit
2025-08-06 20:30:00 | DEBUG | repo=pv243-a4m36jee-2018-security-seminar | action=commit
2025-12-21 18:07:00 | WARN | repo=pv243-a4m36jee-2018-security-seminar | action=commit
2025-09-14 13:49:00 | DEBUG | repo=pv243-a4m36jee-2018-security-seminar | action=commit
2025-04-19 12:04:00 | DEBUG | repo=pv243-a4m36jee-2018-security-seminar | action=pull
2025-12-19 15:49:00 | INFO | repo=pv243-a4m36jee-2018-security-seminar | action=commit
2025-07-27 12:00:00 | WARN | repo=pv243-a4m36jee-2018-security-seminar | action=commit
2025-08-12 17:07:00 | WARN | repo=pv243-a4m36jee-2018-security-seminar | action=commit
2025-11-19 09:20:00 | INFO | repo=pv243-a4m36jee-2018-security-seminar | action=edit | files=1
2025-09-26 18:57:00 | WARN | repo=pv243-a4m36jee-2018-security-seminar | action=pull
2025-10-14 10:12:00 | INFO | repo=pv243-a4m36jee-2018-security-seminar | action=edit | files=1
2025-07-04 17:28:00 | DEBUG | repo=pv243-a4m36jee-2018-security-seminar | action=commit
2025-02-24 20:26:00 | WARN | repo=pv243-a4m36jee-2018-security-seminar | action=pull
2025-03-10 15:14:00 | INFO | repo=pv243-a4m36jee-2018-security-seminar | action=commit
2025-07-20 20:05:00 | DEBUG | repo=pv243-a4m36jee-2018-security-seminar | action=commit
2025-01-13 19:16:00 | WARN | repo=pv243-a4m36jee-2018-security-seminar | action=commit
2025-09-11 12:45:00 | INFO | repo=pv243-a4m36jee-2018-security-seminar | action=commit
2025-06-05 18:25:00 | WARN | repo=pv243-a4m36jee-2018-security-seminar | action=commit
2025-07-26 18:33:00 | DEBUG | repo=pv243-a4m36jee-2018-security-seminar | action=pull
2025-08-04 18:26:00 | WARN | repo=pv243-a4m36jee-2018-security-seminar | action=commit
2025-10-19 17:58:00 | INFO | repo=pv243-a4m36jee-2018-security-seminar | action=commit
2025-01-16 21:54:00 | DEBUG | repo=pv243-a4m36jee-2018-security-seminar | action=pull
2025-02-02 14:31:00 | DEBUG | repo=pv243-a4m36jee-2018-security-seminar | action=commit
2025-10-21 11:00:00 | INFO | repo=pv243-a4m36jee-2018-security-seminar | action=commit
2025-09-10 10:09:00 | WARN | repo=pv243-a4m36jee-2018-security-seminar | action=commit
2025-03-22 12:10:00 | DEBUG | repo=pv243-a4m36jee-2018-security-seminar | action=pull
2025-08-02 18:30:00 | DEBUG | repo=pv243-a4m36jee-2018-security-seminar | action=commit
2025-02-21 19:38:00 | WARN | repo=pv243-a4m36jee-2018-security-seminar | action=commit
2025-09-26 12:47:00 | WARN | repo=pv243-a4m36jee-2018-security-seminar | action=commit
2025-06-25 16:56:00 | DEBUG | repo=pv243-a4m36jee-2018-security-seminar | action=test | passed=true
2025-12-18 07:47:00 | INFO | repo=pv243-a4m36jee-2018-security-seminar | action=commit
2025-07-27 12:26:00 | INFO | repo=pv243-a4m36jee-2018-security-seminar | action=commit
2025-07-12 17:17:00 | DEBUG | repo=pv243-a4m36jee-2018-security-seminar | action=commit
2025-01-04 11:14:00 | INFO | repo=pv243-a4m36jee-2018-security-seminar | action=test | passed=true
2025-12-02 09:07:00 | INFO | repo=pv243-a4m36jee-2018-security-seminar | action=commit
2025-08-07 21:51:00 | WARN | repo=pv243-a4m36jee-2018-security-seminar | action=commit
2025-09-12 09:33:00 | WARN | repo=pv243-a4m36jee-2018-security-seminar | action=commit
2025-05-19 08:01:00 | DEBUG | repo=pv243-a4m36jee-2018-security-seminar | action=commit
2025-04-15 15:18:00 | DEBUG | repo=pv243-a4m36jee-2018-security-seminar | action=commit
2025-02-09 14:41:00 | WARN | repo=pv243-a4m36jee-2018-security-seminar | action=commit
2025-10-11 15:40:00 | INFO | repo=pv243-a4m36jee-2018-security-seminar | action=commit
2025-07-02 08:20:00 | INFO | repo=pv243-a4m36jee-2018-security-seminar | action=commit
2025-07-21 18:49:00 | INFO | repo=pv243-a4m36jee-2018-security-seminar | action=commit
2025-08-12 18:50:00 | WARN | repo=pv243-a4m36jee-2018-security-seminar | action=pull
2025-07-02 17:41:00 | INFO | repo=pv243-a4m36jee-2018-security-seminar | action=commit
2025-11-23 08:13:00 | WARN | repo=pv243-a4m36jee-2018-security-seminar | action=pull
2025-02-20 17:51:00 | DEBUG | repo=pv243-a4m36jee-2018-security-seminar | action=commit
2025-08-23 07:24:00 | INFO | repo=pv243-a4m36jee-2018-security-seminar | action=commit
2025-09-02 19:41:00 | INFO | repo=pv243-a4m36jee-2018-security-seminar | action=commit
2025-12-04 18:53:00 | DEBUG | repo=pv243-a4m36jee-2018-security-seminar | action=commit
2025-01-28 13:37:00 | DEBUG | repo=pv243-a4m36jee-2018-security-seminar | action=commit
2025-11-01 09:13:00 | INFO | repo=pv243-a4m36jee-2018-security-seminar | action=commit
2025-03-14 14:07:00 | INFO | repo=pv243-a4m36jee-2018-security-seminar | action=commit
2025-07-26 18:09:00 | WARN | repo=pv243-a4m36jee-2018-security-seminar | action=commit
2025-02-09 20:43:00 | DEBUG | repo=pv243-a4m36jee-2018-security-seminar | action=commit
2025-09-09 19:03:00 | WARN | repo=pv243-a4m36jee-2018-security-seminar | action=test | passed=true
2025-04-09 07:56:00 | INFO | repo=pv243-a4m36jee-2018-security-seminar | action=pull
2025-06-02 14:26:00 | INFO | repo=pv243-a4m36jee-2018-security-seminar | action=commit
2025-06-20 08:23:00 | INFO | repo=pv243-a4m36jee-2018-security-seminar | action=commit
2025-02-16 18:52:00 | WARN | repo=pv243-a4m36jee-2018-security-seminar | action=commit
2025-07-18 19:56:00 | DEBUG | repo=pv243-a4m36jee-2018-security-seminar | action=commit
2025-06-07 18:28:00 | WARN | repo=pv243-a4m36jee-2018-security-seminar | action=commit
2025-12-25 10:51:00 | INFO | repo=pv243-a4m36jee-2018-security-seminar | action=commit
